#
# There is insufficient memory for the Java Runtime Environment to continue.
# Native memory allocation (malloc) failed to allocate 141216 bytes for Chunk::new
# Possible reasons:
#   The system is out of physical RAM or swap space
#   The process is running with CompressedOops enabled, and the Java Heap may be blocking the growth of the native heap
# Possible solutions:
#   Reduce memory load on the system
#   Increase physical memory or swap space
#   Check if swap backing store is full
#   Decrease Java heap size (-Xmx/-Xms)
#   Decrease number of Java threads
#   Decrease Java thread stack sizes (-Xss)
#   Set larger code cache with -XX:ReservedCodeCacheSize=
#   JVM is running with Unscaled Compressed Oops mode in which the Java heap is
#     placed in the first 4GB address space. The Java Heap base address is the
#     maximum limit for the native heap growth. Please use -XX:HeapBaseMinAddress
#     to set the Java Heap base and to place the Java Heap above 4GB virtual address.
# This output file may be truncated or incomplete.
#
#  Out of Memory Error (arena.cpp:184), pid=22020, tid=23592
#
# JRE version: Java(TM) SE Runtime Environment (19.0.1+10) (build 19.0.1+10-21)
# Java VM: Java HotSpot(TM) 64-Bit Server VM (19.0.1+10-21, mixed mode, tiered, compressed oops, compressed class ptrs, g1 gc, windows-amd64)
# No core dump will be written. Minidumps are not enabled by default on client versions of Windows
#

---------------  S U M M A R Y ------------

Command Line: -Dfile.encoding=UTF-8 --module-path=C:\Users\X_Dievil\Documents\NetBeansProjects\Bank Management\build\classes bank.management.Login

Host: Intel(R) Core(TM) i5-4300U CPU @ 1.90GHz, 4 cores, 7G,  Windows 10 , 64 bit Build 18362 (10.0.18362.329)
Time: Thu Jan 26 22:29:37 2023 Pakistan Standard Time elapsed time: 0.779241 seconds (0d 0h 0m 0s)

---------------  T H R E A D  ---------------

Current thread (0x0000024861875f20):  JavaThread "C2 CompilerThread0" daemon [_thread_in_native, id=23592, stack(0x000000e557600000,0x000000e557700000)]


Current CompileTask:
C2:    806  186       4       java.util.HashMap::putVal (300 bytes)

Stack: [0x000000e557600000,0x000000e557700000]
Native frames: (J=compiled Java code, j=interpreted, Vv=VM code, C=native code)
V  [jvm.dll+0x6ee8fa]
V  [jvm.dll+0x857a1e]
V  [jvm.dll+0x85940e]
V  [jvm.dll+0x859ac3]
V  [jvm.dll+0x28291f]
V  [jvm.dll+0xc9b5f]
V  [jvm.dll+0xc9ee5]
V  [jvm.dll+0x2f7c6f]
V  [jvm.dll+0x5f0c5b]
V  [jvm.dll+0x2551fc]
V  [jvm.dll+0x24e097]
V  [jvm.dll+0x24b563]
V  [jvm.dll+0x1d6d61]
V  [jvm.dll+0x25b0fa]
V  [jvm.dll+0x259588]
V  [jvm.dll+0x807928]
V  [jvm.dll+0x8015fa]
V  [jvm.dll+0x6ed5eb]
C  [ucrtbase.dll+0x20e72]
C  [KERNEL32.DLL+0x17bd4]
C  [ntdll.dll+0x6ced1]


---------------  P R O C E S S  ---------------

Threads class SMR info:
_java_thread_list=0x0000024861b04d60, length=12, elements={
0x000002483f706860, 0x000002486185f010, 0x000002486185f940, 0x0000024861846020,
0x0000024861849970, 0x000002486184aa40, 0x000002486184c870, 0x0000024861875f20,
0x0000024861879040, 0x0000024861882210, 0x000002485d660ca0, 0x0000024861c04090
}

Java Threads: ( => current thread )
  0x000002483f706860 JavaThread "main" [_thread_in_vm, id=20928, stack(0x000000e556900000,0x000000e556a00000)]
  0x000002486185f010 JavaThread "Reference Handler" daemon [_thread_blocked, id=22640, stack(0x000000e557000000,0x000000e557100000)]
  0x000002486185f940 JavaThread "Finalizer" daemon [_thread_blocked, id=16584, stack(0x000000e557100000,0x000000e557200000)]
  0x0000024861846020 JavaThread "Signal Dispatcher" daemon [_thread_blocked, id=23816, stack(0x000000e557200000,0x000000e557300000)]
  0x0000024861849970 JavaThread "Attach Listener" daemon [_thread_blocked, id=21560, stack(0x000000e557300000,0x000000e557400000)]
  0x000002486184aa40 JavaThread "Service Thread" daemon [_thread_blocked, id=23436, stack(0x000000e557400000,0x000000e557500000)]
  0x000002486184c870 JavaThread "Monitor Deflation Thread" daemon [_thread_blocked, id=9384, stack(0x000000e557500000,0x000000e557600000)]
=>0x0000024861875f20 JavaThread "C2 CompilerThread0" daemon [_thread_in_native, id=23592, stack(0x000000e557600000,0x000000e557700000)]
  0x0000024861879040 JavaThread "C1 CompilerThread0" daemon [_thread_blocked, id=8980, stack(0x000000e557700000,0x000000e557800000)]
  0x0000024861882210 JavaThread "Sweeper thread" daemon [_thread_blocked, id=7856, stack(0x000000e557800000,0x000000e557900000)]
  0x000002485d660ca0 JavaThread "Common-Cleaner" daemon [_thread_blocked, id=15468, stack(0x000000e557900000,0x000000e557a00000)]
  0x0000024861c04090 JavaThread "Notification Thread" daemon [_thread_blocked, id=4676, stack(0x000000e557a00000,0x000000e557b00000)]

Other Threads:
  0x000002485d6d47c0 VMThread "VM Thread" [stack: 0x000000e556f00000,0x000000e557000000] [id=24312]
  0x000002483f763a20 WorkerThread "GC Thread#0" [stack: 0x000000e556a00000,0x000000e556b00000] [id=19592]
  0x000002483f776880 ConcurrentGCThread "G1 Main Marker" [stack: 0x000000e556b00000,0x000000e556c00000] [id=24400]
  0x000002483f777a50 WorkerThread "G1 Conc#0" [stack: 0x000000e556c00000,0x000000e556d00000] [id=22592]
  0x000002485d52c110 ConcurrentGCThread "G1 Refine#0" [stack: 0x000000e556d00000,0x000000e556e00000] [id=8868]
  0x000002485d52da70 ConcurrentGCThread "G1 Service" [stack: 0x000000e556e00000,0x000000e556f00000] [id=23560]

Threads with active compile tasks:
C2 CompilerThread0     1034  186       4       java.util.HashMap::putVal (300 bytes)

VM state: not at safepoint (normal execution)

VM Mutex/Monitor currently owned by a thread:  ([mutex/lock_event])
[0x000002483d5589d0] Metaspace_lock - owner thread: 0x000002483f706860

Heap address: 0x0000000081600000, size: 2026 MB, Compressed Oops mode: 32-bit

CDS archive(s) not mapped
Compressed class space mapped at: 0x0000000100000000-0x0000000140000000, reserved size: 1073741824
Narrow klass base: 0x0000000000000000, Narrow klass shift: 3, Narrow klass range: 0x140000000

GC Precious Log:
 CardTable entry size: 512
 Card Set container configuration: InlinePtr #cards 5 size 8 Array Of Cards #cards 12 size 40 Howl #buckets 4 coarsen threshold 1843 Howl Bitmap #cards 512 size 80 coarsen threshold 460 Card regions per heap region 1 cards per card region 2048
 CPUs: 4 total, 4 available
 Memory: 8097M
 Large Page Support: Disabled
 NUMA Support: Disabled
 Compressed Oops: Enabled (32-bit)
 Heap Region Size: 1M
 Heap Min Capacity: 8M
 Heap Initial Capacity: 128M
 Heap Max Capacity: 2026M
 Pre-touch: Disabled
 Parallel Workers: 4
 Concurrent Workers: 1
 Concurrent Refinement Workers: 4
 Periodic GC: Disabled

Heap:
 garbage-first heap   total 131072K, used 2048K [0x0000000081600000, 0x0000000100000000)
  region size 1024K, 3 young (3072K), 0 survivors (0K)
 Metaspace       used 6122K, committed 6208K, reserved 1114112K
  class space    used 494K, committed 512K, reserved 1048576K

Heap Regions: E=young(eden), S=young(survivor), O=old, HS=humongous(starts), HC=humongous(continues), CS=collection set, F=free, OA=open archive, CA=closed archive, TAMS=top-at-mark-start (previous, next)
|   0|0x0000000081600000, 0x0000000081600000, 0x0000000081700000|  0%| F|  |TAMS 0x0000000081600000, 0x0000000081600000| Untracked 
|   1|0x0000000081700000, 0x0000000081700000, 0x0000000081800000|  0%| F|  |TAMS 0x0000000081700000, 0x0000000081700000| Untracked 
|   2|0x0000000081800000, 0x0000000081800000, 0x0000000081900000|  0%| F|  |TAMS 0x0000000081800000, 0x0000000081800000| Untracked 
|   3|0x0000000081900000, 0x0000000081900000, 0x0000000081a00000|  0%| F|  |TAMS 0x0000000081900000, 0x0000000081900000| Untracked 
|   4|0x0000000081a00000, 0x0000000081a00000, 0x0000000081b00000|  0%| F|  |TAMS 0x0000000081a00000, 0x0000000081a00000| Untracked 
|   5|0x0000000081b00000, 0x0000000081b00000, 0x0000000081c00000|  0%| F|  |TAMS 0x0000000081b00000, 0x0000000081b00000| Untracked 
|   6|0x0000000081c00000, 0x0000000081c00000, 0x0000000081d00000|  0%| F|  |TAMS 0x0000000081c00000, 0x0000000081c00000| Untracked 
|   7|0x0000000081d00000, 0x0000000081d00000, 0x0000000081e00000|  0%| F|  |TAMS 0x0000000081d00000, 0x0000000081d00000| Untracked 
|   8|0x0000000081e00000, 0x0000000081e00000, 0x0000000081f00000|  0%| F|  |TAMS 0x0000000081e00000, 0x0000000081e00000| Untracked 
|   9|0x0000000081f00000, 0x0000000081f00000, 0x0000000082000000|  0%| F|  |TAMS 0x0000000081f00000, 0x0000000081f00000| Untracked 
|  10|0x0000000082000000, 0x0000000082000000, 0x0000000082100000|  0%| F|  |TAMS 0x0000000082000000, 0x0000000082000000| Untracked 
|  11|0x0000000082100000, 0x0000000082100000, 0x0000000082200000|  0%| F|  |TAMS 0x0000000082100000, 0x0000000082100000| Untracked 
|  12|0x0000000082200000, 0x0000000082200000, 0x0000000082300000|  0%| F|  |TAMS 0x0000000082200000, 0x0000000082200000| Untracked 
|  13|0x0000000082300000, 0x0000000082300000, 0x0000000082400000|  0%| F|  |TAMS 0x0000000082300000, 0x0000000082300000| Untracked 
|  14|0x0000000082400000, 0x0000000082400000, 0x0000000082500000|  0%| F|  |TAMS 0x0000000082400000, 0x0000000082400000| Untracked 
|  15|0x0000000082500000, 0x0000000082500000, 0x0000000082600000|  0%| F|  |TAMS 0x0000000082500000, 0x0000000082500000| Untracked 
|  16|0x0000000082600000, 0x0000000082600000, 0x0000000082700000|  0%| F|  |TAMS 0x0000000082600000, 0x0000000082600000| Untracked 
|  17|0x0000000082700000, 0x0000000082700000, 0x0000000082800000|  0%| F|  |TAMS 0x0000000082700000, 0x0000000082700000| Untracked 
|  18|0x0000000082800000, 0x0000000082800000, 0x0000000082900000|  0%| F|  |TAMS 0x0000000082800000, 0x0000000082800000| Untracked 
|  19|0x0000000082900000, 0x0000000082900000, 0x0000000082a00000|  0%| F|  |TAMS 0x0000000082900000, 0x0000000082900000| Untracked 
|  20|0x0000000082a00000, 0x0000000082a00000, 0x0000000082b00000|  0%| F|  |TAMS 0x0000000082a00000, 0x0000000082a00000| Untracked 
|  21|0x0000000082b00000, 0x0000000082b00000, 0x0000000082c00000|  0%| F|  |TAMS 0x0000000082b00000, 0x0000000082b00000| Untracked 
|  22|0x0000000082c00000, 0x0000000082c00000, 0x0000000082d00000|  0%| F|  |TAMS 0x0000000082c00000, 0x0000000082c00000| Untracked 
|  23|0x0000000082d00000, 0x0000000082d00000, 0x0000000082e00000|  0%| F|  |TAMS 0x0000000082d00000, 0x0000000082d00000| Untracked 
|  24|0x0000000082e00000, 0x0000000082e00000, 0x0000000082f00000|  0%| F|  |TAMS 0x0000000082e00000, 0x0000000082e00000| Untracked 
|  25|0x0000000082f00000, 0x0000000082f00000, 0x0000000083000000|  0%| F|  |TAMS 0x0000000082f00000, 0x0000000082f00000| Untracked 
|  26|0x0000000083000000, 0x0000000083000000, 0x0000000083100000|  0%| F|  |TAMS 0x0000000083000000, 0x0000000083000000| Untracked 
|  27|0x0000000083100000, 0x0000000083100000, 0x0000000083200000|  0%| F|  |TAMS 0x0000000083100000, 0x0000000083100000| Untracked 
|  28|0x0000000083200000, 0x0000000083200000, 0x0000000083300000|  0%| F|  |TAMS 0x0000000083200000, 0x0000000083200000| Untracked 
|  29|0x0000000083300000, 0x0000000083300000, 0x0000000083400000|  0%| F|  |TAMS 0x0000000083300000, 0x0000000083300000| Untracked 
|  30|0x0000000083400000, 0x0000000083400000, 0x0000000083500000|  0%| F|  |TAMS 0x0000000083400000, 0x0000000083400000| Untracked 
|  31|0x0000000083500000, 0x0000000083500000, 0x0000000083600000|  0%| F|  |TAMS 0x0000000083500000, 0x0000000083500000| Untracked 
|  32|0x0000000083600000, 0x0000000083600000, 0x0000000083700000|  0%| F|  |TAMS 0x0000000083600000, 0x0000000083600000| Untracked 
|  33|0x0000000083700000, 0x0000000083700000, 0x0000000083800000|  0%| F|  |TAMS 0x0000000083700000, 0x0000000083700000| Untracked 
|  34|0x0000000083800000, 0x0000000083800000, 0x0000000083900000|  0%| F|  |TAMS 0x0000000083800000, 0x0000000083800000| Untracked 
|  35|0x0000000083900000, 0x0000000083900000, 0x0000000083a00000|  0%| F|  |TAMS 0x0000000083900000, 0x0000000083900000| Untracked 
|  36|0x0000000083a00000, 0x0000000083a00000, 0x0000000083b00000|  0%| F|  |TAMS 0x0000000083a00000, 0x0000000083a00000| Untracked 
|  37|0x0000000083b00000, 0x0000000083b00000, 0x0000000083c00000|  0%| F|  |TAMS 0x0000000083b00000, 0x0000000083b00000| Untracked 
|  38|0x0000000083c00000, 0x0000000083c00000, 0x0000000083d00000|  0%| F|  |TAMS 0x0000000083c00000, 0x0000000083c00000| Untracked 
|  39|0x0000000083d00000, 0x0000000083d00000, 0x0000000083e00000|  0%| F|  |TAMS 0x0000000083d00000, 0x0000000083d00000| Untracked 
|  40|0x0000000083e00000, 0x0000000083e00000, 0x0000000083f00000|  0%| F|  |TAMS 0x0000000083e00000, 0x0000000083e00000| Untracked 
|  41|0x0000000083f00000, 0x0000000083f00000, 0x0000000084000000|  0%| F|  |TAMS 0x0000000083f00000, 0x0000000083f00000| Untracked 
|  42|0x0000000084000000, 0x0000000084000000, 0x0000000084100000|  0%| F|  |TAMS 0x0000000084000000, 0x0000000084000000| Untracked 
|  43|0x0000000084100000, 0x0000000084100000, 0x0000000084200000|  0%| F|  |TAMS 0x0000000084100000, 0x0000000084100000| Untracked 
|  44|0x0000000084200000, 0x0000000084200000, 0x0000000084300000|  0%| F|  |TAMS 0x0000000084200000, 0x0000000084200000| Untracked 
|  45|0x0000000084300000, 0x0000000084300000, 0x0000000084400000|  0%| F|  |TAMS 0x0000000084300000, 0x0000000084300000| Untracked 
|  46|0x0000000084400000, 0x0000000084400000, 0x0000000084500000|  0%| F|  |TAMS 0x0000000084400000, 0x0000000084400000| Untracked 
|  47|0x0000000084500000, 0x0000000084500000, 0x0000000084600000|  0%| F|  |TAMS 0x0000000084500000, 0x0000000084500000| Untracked 
|  48|0x0000000084600000, 0x0000000084600000, 0x0000000084700000|  0%| F|  |TAMS 0x0000000084600000, 0x0000000084600000| Untracked 
|  49|0x0000000084700000, 0x0000000084700000, 0x0000000084800000|  0%| F|  |TAMS 0x0000000084700000, 0x0000000084700000| Untracked 
|  50|0x0000000084800000, 0x0000000084800000, 0x0000000084900000|  0%| F|  |TAMS 0x0000000084800000, 0x0000000084800000| Untracked 
|  51|0x0000000084900000, 0x0000000084900000, 0x0000000084a00000|  0%| F|  |TAMS 0x0000000084900000, 0x0000000084900000| Untracked 
|  52|0x0000000084a00000, 0x0000000084a00000, 0x0000000084b00000|  0%| F|  |TAMS 0x0000000084a00000, 0x0000000084a00000| Untracked 
|  53|0x0000000084b00000, 0x0000000084b00000, 0x0000000084c00000|  0%| F|  |TAMS 0x0000000084b00000, 0x0000000084b00000| Untracked 
|  54|0x0000000084c00000, 0x0000000084c00000, 0x0000000084d00000|  0%| F|  |TAMS 0x0000000084c00000, 0x0000000084c00000| Untracked 
|  55|0x0000000084d00000, 0x0000000084d00000, 0x0000000084e00000|  0%| F|  |TAMS 0x0000000084d00000, 0x0000000084d00000| Untracked 
|  56|0x0000000084e00000, 0x0000000084e00000, 0x0000000084f00000|  0%| F|  |TAMS 0x0000000084e00000, 0x0000000084e00000| Untracked 
|  57|0x0000000084f00000, 0x0000000084f00000, 0x0000000085000000|  0%| F|  |TAMS 0x0000000084f00000, 0x0000000084f00000| Untracked 
|  58|0x0000000085000000, 0x0000000085000000, 0x0000000085100000|  0%| F|  |TAMS 0x0000000085000000, 0x0000000085000000| Untracked 
|  59|0x0000000085100000, 0x0000000085100000, 0x0000000085200000|  0%| F|  |TAMS 0x0000000085100000, 0x0000000085100000| Untracked 
|  60|0x0000000085200000, 0x0000000085200000, 0x0000000085300000|  0%| F|  |TAMS 0x0000000085200000, 0x0000000085200000| Untracked 
|  61|0x0000000085300000, 0x0000000085300000, 0x0000000085400000|  0%| F|  |TAMS 0x0000000085300000, 0x0000000085300000| Untracked 
|  62|0x0000000085400000, 0x0000000085400000, 0x0000000085500000|  0%| F|  |TAMS 0x0000000085400000, 0x0000000085400000| Untracked 
|  63|0x0000000085500000, 0x0000000085500000, 0x0000000085600000|  0%| F|  |TAMS 0x0000000085500000, 0x0000000085500000| Untracked 
|  64|0x0000000085600000, 0x0000000085600000, 0x0000000085700000|  0%| F|  |TAMS 0x0000000085600000, 0x0000000085600000| Untracked 
|  65|0x0000000085700000, 0x0000000085700000, 0x0000000085800000|  0%| F|  |TAMS 0x0000000085700000, 0x0000000085700000| Untracked 
|  66|0x0000000085800000, 0x0000000085800000, 0x0000000085900000|  0%| F|  |TAMS 0x0000000085800000, 0x0000000085800000| Untracked 
|  67|0x0000000085900000, 0x0000000085900000, 0x0000000085a00000|  0%| F|  |TAMS 0x0000000085900000, 0x0000000085900000| Untracked 
|  68|0x0000000085a00000, 0x0000000085a00000, 0x0000000085b00000|  0%| F|  |TAMS 0x0000000085a00000, 0x0000000085a00000| Untracked 
|  69|0x0000000085b00000, 0x0000000085b00000, 0x0000000085c00000|  0%| F|  |TAMS 0x0000000085b00000, 0x0000000085b00000| Untracked 
|  70|0x0000000085c00000, 0x0000000085c00000, 0x0000000085d00000|  0%| F|  |TAMS 0x0000000085c00000, 0x0000000085c00000| Untracked 
|  71|0x0000000085d00000, 0x0000000085d00000, 0x0000000085e00000|  0%| F|  |TAMS 0x0000000085d00000, 0x0000000085d00000| Untracked 
|  72|0x0000000085e00000, 0x0000000085e00000, 0x0000000085f00000|  0%| F|  |TAMS 0x0000000085e00000, 0x0000000085e00000| Untracked 
|  73|0x0000000085f00000, 0x0000000085f00000, 0x0000000086000000|  0%| F|  |TAMS 0x0000000085f00000, 0x0000000085f00000| Untracked 
|  74|0x0000000086000000, 0x0000000086000000, 0x0000000086100000|  0%| F|  |TAMS 0x0000000086000000, 0x0000000086000000| Untracked 
|  75|0x0000000086100000, 0x0000000086100000, 0x0000000086200000|  0%| F|  |TAMS 0x0000000086100000, 0x0000000086100000| Untracked 
|  76|0x0000000086200000, 0x0000000086200000, 0x0000000086300000|  0%| F|  |TAMS 0x0000000086200000, 0x0000000086200000| Untracked 
|  77|0x0000000086300000, 0x0000000086300000, 0x0000000086400000|  0%| F|  |TAMS 0x0000000086300000, 0x0000000086300000| Untracked 
|  78|0x0000000086400000, 0x0000000086400000, 0x0000000086500000|  0%| F|  |TAMS 0x0000000086400000, 0x0000000086400000| Untracked 
|  79|0x0000000086500000, 0x0000000086500000, 0x0000000086600000|  0%| F|  |TAMS 0x0000000086500000, 0x0000000086500000| Untracked 
|  80|0x0000000086600000, 0x0000000086600000, 0x0000000086700000|  0%| F|  |TAMS 0x0000000086600000, 0x0000000086600000| Untracked 
|  81|0x0000000086700000, 0x0000000086700000, 0x0000000086800000|  0%| F|  |TAMS 0x0000000086700000, 0x0000000086700000| Untracked 
|  82|0x0000000086800000, 0x0000000086800000, 0x0000000086900000|  0%| F|  |TAMS 0x0000000086800000, 0x0000000086800000| Untracked 
|  83|0x0000000086900000, 0x0000000086900000, 0x0000000086a00000|  0%| F|  |TAMS 0x0000000086900000, 0x0000000086900000| Untracked 
|  84|0x0000000086a00000, 0x0000000086a00000, 0x0000000086b00000|  0%| F|  |TAMS 0x0000000086a00000, 0x0000000086a00000| Untracked 
|  85|0x0000000086b00000, 0x0000000086b00000, 0x0000000086c00000|  0%| F|  |TAMS 0x0000000086b00000, 0x0000000086b00000| Untracked 
|  86|0x0000000086c00000, 0x0000000086c00000, 0x0000000086d00000|  0%| F|  |TAMS 0x0000000086c00000, 0x0000000086c00000| Untracked 
|  87|0x0000000086d00000, 0x0000000086d00000, 0x0000000086e00000|  0%| F|  |TAMS 0x0000000086d00000, 0x0000000086d00000| Untracked 
|  88|0x0000000086e00000, 0x0000000086e00000, 0x0000000086f00000|  0%| F|  |TAMS 0x0000000086e00000, 0x0000000086e00000| Untracked 
|  89|0x0000000086f00000, 0x0000000086f00000, 0x0000000087000000|  0%| F|  |TAMS 0x0000000086f00000, 0x0000000086f00000| Untracked 
|  90|0x0000000087000000, 0x0000000087000000, 0x0000000087100000|  0%| F|  |TAMS 0x0000000087000000, 0x0000000087000000| Untracked 
|  91|0x0000000087100000, 0x0000000087100000, 0x0000000087200000|  0%| F|  |TAMS 0x0000000087100000, 0x0000000087100000| Untracked 
|  92|0x0000000087200000, 0x0000000087200000, 0x0000000087300000|  0%| F|  |TAMS 0x0000000087200000, 0x0000000087200000| Untracked 
|  93|0x0000000087300000, 0x0000000087300000, 0x0000000087400000|  0%| F|  |TAMS 0x0000000087300000, 0x0000000087300000| Untracked 
|  94|0x0000000087400000, 0x0000000087400000, 0x0000000087500000|  0%| F|  |TAMS 0x0000000087400000, 0x0000000087400000| Untracked 
|  95|0x0000000087500000, 0x0000000087500000, 0x0000000087600000|  0%| F|  |TAMS 0x0000000087500000, 0x0000000087500000| Untracked 
|  96|0x0000000087600000, 0x0000000087600000, 0x0000000087700000|  0%| F|  |TAMS 0x0000000087600000, 0x0000000087600000| Untracked 
|  97|0x0000000087700000, 0x0000000087700000, 0x0000000087800000|  0%| F|  |TAMS 0x0000000087700000, 0x0000000087700000| Untracked 
|  98|0x0000000087800000, 0x0000000087800000, 0x0000000087900000|  0%| F|  |TAMS 0x0000000087800000, 0x0000000087800000| Untracked 
|  99|0x0000000087900000, 0x0000000087900000, 0x0000000087a00000|  0%| F|  |TAMS 0x0000000087900000, 0x0000000087900000| Untracked 
| 100|0x0000000087a00000, 0x0000000087a00000, 0x0000000087b00000|  0%| F|  |TAMS 0x0000000087a00000, 0x0000000087a00000| Untracked 
| 101|0x0000000087b00000, 0x0000000087b00000, 0x0000000087c00000|  0%| F|  |TAMS 0x0000000087b00000, 0x0000000087b00000| Untracked 
| 102|0x0000000087c00000, 0x0000000087c00000, 0x0000000087d00000|  0%| F|  |TAMS 0x0000000087c00000, 0x0000000087c00000| Untracked 
| 103|0x0000000087d00000, 0x0000000087d00000, 0x0000000087e00000|  0%| F|  |TAMS 0x0000000087d00000, 0x0000000087d00000| Untracked 
| 104|0x0000000087e00000, 0x0000000087e00000, 0x0000000087f00000|  0%| F|  |TAMS 0x0000000087e00000, 0x0000000087e00000| Untracked 
| 105|0x0000000087f00000, 0x0000000087f00000, 0x0000000088000000|  0%| F|  |TAMS 0x0000000087f00000, 0x0000000087f00000| Untracked 
| 106|0x0000000088000000, 0x0000000088000000, 0x0000000088100000|  0%| F|  |TAMS 0x0000000088000000, 0x0000000088000000| Untracked 
| 107|0x0000000088100000, 0x0000000088100000, 0x0000000088200000|  0%| F|  |TAMS 0x0000000088100000, 0x0000000088100000| Untracked 
| 108|0x0000000088200000, 0x0000000088200000, 0x0000000088300000|  0%| F|  |TAMS 0x0000000088200000, 0x0000000088200000| Untracked 
| 109|0x0000000088300000, 0x0000000088300000, 0x0000000088400000|  0%| F|  |TAMS 0x0000000088300000, 0x0000000088300000| Untracked 
| 110|0x0000000088400000, 0x0000000088400000, 0x0000000088500000|  0%| F|  |TAMS 0x0000000088400000, 0x0000000088400000| Untracked 
| 111|0x0000000088500000, 0x0000000088500000, 0x0000000088600000|  0%| F|  |TAMS 0x0000000088500000, 0x0000000088500000| Untracked 
| 112|0x0000000088600000, 0x0000000088600000, 0x0000000088700000|  0%| F|  |TAMS 0x0000000088600000, 0x0000000088600000| Untracked 
| 113|0x0000000088700000, 0x0000000088700000, 0x0000000088800000|  0%| F|  |TAMS 0x0000000088700000, 0x0000000088700000| Untracked 
| 114|0x0000000088800000, 0x0000000088800000, 0x0000000088900000|  0%| F|  |TAMS 0x0000000088800000, 0x0000000088800000| Untracked 
| 115|0x0000000088900000, 0x0000000088900000, 0x0000000088a00000|  0%| F|  |TAMS 0x0000000088900000, 0x0000000088900000| Untracked 
| 116|0x0000000088a00000, 0x0000000088a00000, 0x0000000088b00000|  0%| F|  |TAMS 0x0000000088a00000, 0x0000000088a00000| Untracked 
| 117|0x0000000088b00000, 0x0000000088b00000, 0x0000000088c00000|  0%| F|  |TAMS 0x0000000088b00000, 0x0000000088b00000| Untracked 
| 118|0x0000000088c00000, 0x0000000088c00000, 0x0000000088d00000|  0%| F|  |TAMS 0x0000000088c00000, 0x0000000088c00000| Untracked 
| 119|0x0000000088d00000, 0x0000000088d00000, 0x0000000088e00000|  0%| F|  |TAMS 0x0000000088d00000, 0x0000000088d00000| Untracked 
| 120|0x0000000088e00000, 0x0000000088e00000, 0x0000000088f00000|  0%| F|  |TAMS 0x0000000088e00000, 0x0000000088e00000| Untracked 
| 121|0x0000000088f00000, 0x0000000088f00000, 0x0000000089000000|  0%| F|  |TAMS 0x0000000088f00000, 0x0000000088f00000| Untracked 
| 122|0x0000000089000000, 0x0000000089000000, 0x0000000089100000|  0%| F|  |TAMS 0x0000000089000000, 0x0000000089000000| Untracked 
| 123|0x0000000089100000, 0x0000000089100000, 0x0000000089200000|  0%| F|  |TAMS 0x0000000089100000, 0x0000000089100000| Untracked 
| 124|0x0000000089200000, 0x0000000089200000, 0x0000000089300000|  0%| F|  |TAMS 0x0000000089200000, 0x0000000089200000| Untracked 
| 125|0x0000000089300000, 0x0000000089343110, 0x0000000089400000| 26%| E|  |TAMS 0x0000000089300000, 0x0000000089300000| Complete 
| 126|0x0000000089400000, 0x0000000089500000, 0x0000000089500000|100%| E|CS|TAMS 0x0000000089400000, 0x0000000089400000| Complete 
| 127|0x0000000089500000, 0x0000000089600000, 0x0000000089600000|100%| E|CS|TAMS 0x0000000089500000, 0x0000000089500000| Complete 

Card table byte_map: [0x0000024856a60000,0x0000024856e60000] _byte_map_base: 0x0000024856655000

Marking Bits (Prev, Next): (CMBitMap*) 0x000002483f764050, (CMBitMap*) 0x000002483f764090
 Prev Bits: [0x0000024857260000, 0x0000024859208000)
 Next Bits: [0x0000024859210000, 0x000002485b1b8000)

Polling page: 0x000002483d520000

Metaspace:

Usage:
  Non-class:      5.50 MB used.
      Class:    494.34 KB used.
       Both:      5.98 MB used.

Virtual space:
  Non-class space:       64.00 MB reserved,       5.56 MB (  9%) committed,  1 nodes.
      Class space:        1.00 GB reserved,     512.00 KB ( <1%) committed,  1 nodes.
             Both:        1.06 GB reserved,       6.06 MB ( <1%) committed. 

Chunk freelists:
   Non-Class:  2.25 MB
       Class:  3.51 MB
        Both:  5.76 MB

MaxMetaspaceSize: unlimited
CompressedClassSpaceSize: 1.00 GB
Initial GC threshold: 21.00 MB
Current GC threshold: 21.00 MB
CDS: off
MetaspaceReclaimPolicy: balanced
 - commit_granule_bytes: 65536.
 - commit_granule_words: 8192.
 - virtual_space_node_default_size: 8388608.
 - enlarge_chunks_in_place: 1.
 - new_chunks_are_fully_committed: 0.
 - uncommit_free_chunks: 1.
 - use_allocation_guard: 0.


Internal statistics:

num_allocs_failed_limit: 0.
num_arena_births: 6.
num_arena_deaths: 0.
num_vsnodes_births: 2.
num_vsnodes_deaths: 0.
num_space_committed: 97.
num_space_uncommitted: 0.
num_chunks_returned_to_freelist: 0.
num_chunks_taken_from_freelist: 13.
num_chunk_merges: 0.
num_chunk_splits: 5.
num_chunks_enlarged: 2.
num_inconsistent_stats: 0.

CodeHeap 'non-profiled nmethods': size=120000Kb used=59Kb max_used=59Kb free=119940Kb
 bounds [0x000002484f130000, 0x000002484f3a0000, 0x0000024856660000]
CodeHeap 'profiled nmethods': size=120000Kb used=217Kb max_used=217Kb free=119782Kb
 bounds [0x0000024847660000, 0x00000248478d0000, 0x000002484eb90000]
CodeHeap 'non-nmethods': size=5760Kb used=1183Kb max_used=1196Kb free=4576Kb
 bounds [0x000002484eb90000, 0x000002484ee00000, 0x000002484f130000]
 total_blobs=576 nmethods=200 adapters=287
 compilation: enabled
              stopped_count=0, restarted_count=0
 full_count=0

Compilation events (20 events):
Event: 0.755 Thread 0x0000024861879040 nmethod 181 0x0000024847691710 code [0x0000024847691920, 0x0000024847691f28]
Event: 0.755 Thread 0x0000024861879040  182       3       java.util.HashMap::keySet (25 bytes)
Event: 0.756 Thread 0x0000024861879040 nmethod 182 0x0000024847692190 code [0x0000024847692360, 0x0000024847692738]
Event: 0.756 Thread 0x0000024861879040  183       3       java.util.HashMap$KeySet::iterator (12 bytes)
Event: 0.756 Thread 0x0000024861879040 nmethod 183 0x0000024847692890 code [0x0000024847692a40, 0x0000024847692c48]
Event: 0.756 Thread 0x0000024861879040  184       3       java.util.HashMap$KeyIterator::<init> (6 bytes)
Event: 0.756 Thread 0x0000024861879040 nmethod 184 0x0000024847692d10 code [0x0000024847692ec0, 0x0000024847693008]
Event: 0.756 Thread 0x0000024861879040  185       3       java.util.HashSet::iterator (13 bytes)
Event: 0.756 Thread 0x0000024861879040 nmethod 185 0x0000024847693090 code [0x0000024847693240, 0x00000248476934b8]
Event: 0.756 Thread 0x0000024861879040  187       1       java.util.KeyValueHolder::getKey (5 bytes)
Event: 0.756 Thread 0x0000024861879040 nmethod 187 0x000002484f13d310 code [0x000002484f13d4a0, 0x000002484f13d558]
Event: 0.756 Thread 0x0000024861879040  188       1       java.util.KeyValueHolder::getValue (5 bytes)
Event: 0.757 Thread 0x0000024861879040 nmethod 188 0x000002484f13d610 code [0x000002484f13d7a0, 0x000002484f13d858]
Event: 0.762 Thread 0x0000024861879040  190       3       java.util.ImmutableCollections$MapN::probe (60 bytes)
Event: 0.763 Thread 0x0000024861879040 nmethod 190 0x0000024847693590 code [0x0000024847693780, 0x0000024847693cb8]
Event: 0.763 Thread 0x0000024861879040  191       1       java.lang.module.ModuleDescriptor::packages (5 bytes)
Event: 0.763 Thread 0x0000024861879040 nmethod 191 0x000002484f13d910 code [0x000002484f13daa0, 0x000002484f13db58]
Event: 0.763 Thread 0x0000024861879040  193       3       java.util.concurrent.ConcurrentHashMap::casTabAt (21 bytes)
Event: 0.763 Thread 0x0000024861879040 nmethod 193 0x0000024847693f10 code [0x00000248476940a0, 0x0000024847694218]
Event: 0.763 Thread 0x0000024861879040  192       1       java.lang.module.ResolvedModule::reference (5 bytes)

GC Heap History (0 events):
No events

Dll operation events (4 events):
Event: 0.010 Loaded shared library C:\Program Files\Java\jdk-19\bin\java.dll
Event: 0.268 Loaded shared library C:\Program Files\Java\jdk-19\bin\jsvml.dll
Event: 0.723 Loaded shared library C:\Program Files\Java\jdk-19\bin\net.dll
Event: 0.727 Loaded shared library C:\Program Files\Java\jdk-19\bin\nio.dll

Deoptimization events (0 events):
No events

Classes loaded (20 events):
Event: 0.742 Loading class java/util/HashMap$HashMapSpliterator done
Event: 0.742 Loading class java/util/HashMap$ValueSpliterator done
Event: 0.742 Loading class java/util/HashMap$KeySpliterator
Event: 0.742 Loading class java/util/HashMap$KeySpliterator done
Event: 0.743 Loading class java/util/Collections$UnmodifiableCollection$1
Event: 0.743 Loading class java/util/Collections$UnmodifiableCollection$1 done
Event: 0.743 Loading class java/lang/ModuleLayer
Event: 0.743 Loading class java/lang/ModuleLayer done
Event: 0.744 Loading class java/util/LinkedHashSet
Event: 0.744 Loading class java/util/LinkedHashSet done
Event: 0.744 Loading class java/util/LinkedHashMap
Event: 0.744 Loading class java/util/LinkedHashMap done
Event: 0.746 Loading class java/lang/module/ResolvedModule
Event: 0.746 Loading class java/lang/module/ResolvedModule done
Event: 0.755 Loading class jdk/internal/module/ModuleLoaderMap
Event: 0.755 Loading class jdk/internal/module/ModuleLoaderMap done
Event: 0.755 Loading class jdk/internal/module/ModuleLoaderMap$Mapper
Event: 0.761 Loading class jdk/internal/module/ModuleLoaderMap$Mapper done
Event: 0.761 Loading class jdk/internal/module/ModuleLoaderMap$Modules
Event: 0.761 Loading class jdk/internal/module/ModuleLoaderMap$Modules done

Classes unloaded (0 events):
No events

Classes redefined (0 events):
No events

Internal exceptions (4 events):
Event: 0.739 Thread 0x000002483f706860 Exception <a 'sun/nio/fs/WindowsException'{0x000000008949ce00}> (0x000000008949ce00) 
thrown [s\open\src\hotspot\share\prims\jni.cpp, line 517]
Event: 0.740 Thread 0x000002483f706860 Exception <a 'sun/nio/fs/WindowsException'{0x000000008949d360}> (0x000000008949d360) 
thrown [s\open\src\hotspot\share\prims\jni.cpp, line 517]
Event: 0.741 Thread 0x000002483f706860 Exception <a 'sun/nio/fs/WindowsException'{0x000000008949f710}> (0x000000008949f710) 
thrown [s\open\src\hotspot\share\prims\jni.cpp, line 517]
Event: 0.742 Thread 0x000002483f706860 Exception <a 'sun/nio/fs/WindowsException'{0x00000000894a01e8}> (0x00000000894a01e8) 
thrown [s\open\src\hotspot\share\prims\jni.cpp, line 517]

VM Operations (2 events):
Event: 0.744 Executing VM operation: HandshakeAllThreads
Event: 0.744 Executing VM operation: HandshakeAllThreads done

Events (11 events):
Event: 0.268 Thread 0x000002483f706860 Thread added: 0x000002483f706860
Event: 0.350 Thread 0x000002486185f010 Thread added: 0x000002486185f010
Event: 0.351 Thread 0x000002486185f940 Thread added: 0x000002486185f940
Event: 0.356 Thread 0x0000024861846020 Thread added: 0x0000024861846020
Event: 0.356 Thread 0x0000024861849970 Thread added: 0x0000024861849970
Event: 0.357 Thread 0x000002486184aa40 Thread added: 0x000002486184aa40
Event: 0.357 Thread 0x000002486184c870 Thread added: 0x000002486184c870
Event: 0.357 Thread 0x0000024861875f20 Thread added: 0x0000024861875f20
Event: 0.357 Thread 0x0000024861879040 Thread added: 0x0000024861879040
Event: 0.358 Thread 0x0000024861882210 Thread added: 0x0000024861882210
Event: 0.652 Thread 0x000002485d660ca0 Thread added: 0x000002485d660ca0


Dynamic libraries:
0x00007ff7b1100000 - 0x00007ff7b1110000 	C:\Program Files\Java\jdk-19\bin\java.exe
0x00007fff80a00000 - 0x00007fff80bf0000 	C:\Windows\SYSTEM32\ntdll.dll
0x00007fff5eb10000 - 0x00007fff5eb27000 	C:\Program Files\Avast Software\Avast\aswhook.dll
0x00007fff7f4c0000 - 0x00007fff7f572000 	C:\Windows\System32\KERNEL32.DLL
0x00007fff7d9c0000 - 0x00007fff7dc63000 	C:\Windows\System32\KERNELBASE.dll
0x00007fff7e4b0000 - 0x00007fff7e5aa000 	C:\Windows\System32\ucrtbase.dll
0x00007fff5e250000 - 0x00007fff5e26b000 	C:\Program Files\Java\jdk-19\bin\VCRUNTIME140.dll
0x00007fff76da0000 - 0x00007fff76db8000 	C:\Program Files\Java\jdk-19\bin\jli.dll
0x00007fff7f250000 - 0x00007fff7f2f3000 	C:\Windows\System32\ADVAPI32.dll
0x00007fff801b0000 - 0x00007fff8024e000 	C:\Windows\System32\msvcrt.dll
0x00007fff7fa20000 - 0x00007fff7fab7000 	C:\Windows\System32\sechost.dll
0x00007fff803d0000 - 0x00007fff804f0000 	C:\Windows\System32\RPCRT4.dll
0x00007fff7f310000 - 0x00007fff7f4a4000 	C:\Windows\System32\USER32.dll
0x00007fff7e830000 - 0x00007fff7e851000 	C:\Windows\System32\win32u.dll
0x00007fff708c0000 - 0x00007fff70b45000 	C:\Windows\WinSxS\amd64_microsoft.windows.common-controls_6595b64144ccf1df_6.0.18362.418_none_e6c6b287130d565d\COMCTL32.dll
0x00007fff7f9f0000 - 0x00007fff7fa16000 	C:\Windows\System32\GDI32.dll
0x00007fff804f0000 - 0x00007fff80826000 	C:\Windows\System32\combase.dll
0x00007fff7e690000 - 0x00007fff7e824000 	C:\Windows\System32\gdi32full.dll
0x00007fff7dc70000 - 0x00007fff7dd0e000 	C:\Windows\System32\msvcp_win.dll
0x00007fff7e5b0000 - 0x00007fff7e630000 	C:\Windows\System32\bcryptPrimitives.dll
0x00007fff74850000 - 0x00007fff7485a000 	C:\Windows\SYSTEM32\VERSION.dll
0x00007fff80830000 - 0x00007fff8085e000 	C:\Windows\System32\IMM32.DLL
0x00007fff75150000 - 0x00007fff7515c000 	C:\Program Files\Java\jdk-19\bin\vcruntime140_1.dll
0x00007fff44960000 - 0x00007fff449ee000 	C:\Program Files\Java\jdk-19\bin\msvcp140.dll
0x00007fff44e00000 - 0x00007fff45ac0000 	C:\Program Files\Java\jdk-19\bin\server\jvm.dll
0x00007fff7a320000 - 0x00007fff7a344000 	C:\Windows\SYSTEM32\WINMM.dll
0x00007fff6c5b0000 - 0x00007fff6c5b9000 	C:\Windows\SYSTEM32\WSOCK32.dll
0x00007fff7ffa0000 - 0x00007fff8000f000 	C:\Windows\System32\WS2_32.dll
0x00007fff7a2f0000 - 0x00007fff7a31d000 	C:\Windows\SYSTEM32\winmmbase.dll
0x00007fff7ea60000 - 0x00007fff7eaaa000 	C:\Windows\System32\cfgmgr32.dll
0x00007fff7d8e0000 - 0x00007fff7d8f1000 	C:\Windows\System32\kernel.appcore.dll
0x00007fff5e2b0000 - 0x00007fff5e2ba000 	C:\Program Files\Java\jdk-19\bin\jimage.dll
0x00007fff73930000 - 0x00007fff73b24000 	C:\Windows\SYSTEM32\DBGHELP.DLL
0x00007fff73900000 - 0x00007fff7392a000 	C:\Windows\SYSTEM32\dbgcore.DLL
0x00007fff49660000 - 0x00007fff49686000 	C:\Program Files\Java\jdk-19\bin\java.dll
0x00007fff44d20000 - 0x00007fff44df7000 	C:\Program Files\Java\jdk-19\bin\jsvml.dll
0x00007fff7eb60000 - 0x00007fff7f245000 	C:\Windows\System32\SHELL32.dll
0x00007fff80250000 - 0x00007fff802f9000 	C:\Windows\System32\shcore.dll
0x00007fff7dd30000 - 0x00007fff7e4af000 	C:\Windows\System32\windows.storage.dll
0x00007fff7d970000 - 0x00007fff7d98f000 	C:\Windows\System32\profapi.dll
0x00007fff7d920000 - 0x00007fff7d96a000 	C:\Windows\System32\powrprof.dll
0x00007fff7d8d0000 - 0x00007fff7d8e0000 	C:\Windows\System32\UMPDC.dll
0x00007fff7fac0000 - 0x00007fff7fb12000 	C:\Windows\System32\shlwapi.dll
0x00007fff7dd10000 - 0x00007fff7dd27000 	C:\Windows\System32\cryptsp.dll
0x00007fff48f00000 - 0x00007fff48f13000 	C:\Program Files\Java\jdk-19\bin\net.dll
0x00007fff71f30000 - 0x00007fff72020000 	C:\Windows\SYSTEM32\WINHTTP.dll
0x00007fff7d140000 - 0x00007fff7d1a7000 	C:\Windows\system32\mswsock.dll
0x00007fff460f0000 - 0x00007fff46106000 	C:\Program Files\Java\jdk-19\bin\nio.dll

dbghelp: loaded successfully - version: 4.0.5 - missing functions: none
symbol engine: initialized successfully - sym options: 0x614 - pdb path: .;C:\Program Files\Java\jdk-19\bin;C:\Windows\SYSTEM32;C:\Program Files\Avast Software\Avast;C:\Windows\WinSxS\amd64_microsoft.windows.common-controls_6595b64144ccf1df_6.0.18362.418_none_e6c6b287130d565d;C:\Program Files\Java\jdk-19\bin\server

VM Arguments:
jvm_args: -Dfile.encoding=UTF-8 --module-path=C:\Users\X_Dievil\Documents\NetBeansProjects\Bank Management\build\classes 
java_command: bank.management.Login
java_class_path (initial): C:\Users\X_Dievil\Downloads\jcalendar-tz-1.3.3-4.jar;C:\Users\X_Dievil\Downloads\mysql-connector-java-8.0.28.jar;C:\Users\X_Dievil\Documents\NetBeansProjects\Bank Management\build\classes
Launcher Type: SUN_STANDARD

[Global flags]
     intx CICompilerCount                          = 3                                         {product} {ergonomic}
     uint ConcGCThreads                            = 1                                         {product} {ergonomic}
     uint G1ConcRefinementThreads                  = 4                                         {product} {ergonomic}
   size_t G1HeapRegionSize                         = 1048576                                   {product} {ergonomic}
    uintx GCDrainStackTargetSize                   = 64                                        {product} {ergonomic}
   size_t InitialHeapSize                          = 134217728                                 {product} {ergonomic}
   size_t MarkStackSize                            = 4194304                                   {product} {ergonomic}
   size_t MaxHeapSize                              = 2124414976                                {product} {ergonomic}
   size_t MaxNewSize                               = 1274019840                                {product} {ergonomic}
   size_t MinHeapDeltaBytes                        = 1048576                                   {product} {ergonomic}
   size_t MinHeapSize                              = 8388608                                   {product} {ergonomic}
    uintx NonNMethodCodeHeapSize                   = 5832780                                {pd product} {ergonomic}
    uintx NonProfiledCodeHeapSize                  = 122912730                              {pd product} {ergonomic}
    uintx ProfiledCodeHeapSize                     = 122912730                              {pd product} {ergonomic}
    uintx ReservedCodeCacheSize                    = 251658240                              {pd product} {ergonomic}
     bool SegmentedCodeCache                       = true                                      {product} {ergonomic}
   size_t SoftMaxHeapSize                          = 2124414976                             {manageable} {ergonomic}
     bool UseCompressedClassPointers               = true                           {product lp64_product} {ergonomic}
     bool UseCompressedOops                        = true                           {product lp64_product} {ergonomic}
     bool UseG1GC                                  = true                                      {product} {ergonomic}
     bool UseLargePagesIndividualAllocation        = false                                  {pd product} {ergonomic}

Logging:
Log output configuration:
 #0: stdout all=warning uptime,level,tags foldmultilines=false
 #1: stderr all=off uptime,level,tags foldmultilines=false

Environment Variables:
PATH=C:\Program Files\Common Files\Oracle\Java\javapath;C:\Windows\system32;C:\Windows;C:\Windows\System32\Wbem;C:\Windows\System32\WindowsPowerShell\v1.0\;C:\Windows\System32\OpenSSH\;C:\Program Files\MySQL\MySQL Shell 8.0\bin\;C:\Users\X_Dievil\AppData\Local\Microsoft\WindowsApps;
USERNAME=X_Dievil
OS=Windows_NT
PROCESSOR_IDENTIFIER=Intel64 Family 6 Model 69 Stepping 1, GenuineIntel
TMP=C:\Users\X_Dievil\AppData\Local\Temp
TEMP=C:\Users\X_Dievil\AppData\Local\Temp



---------------  S Y S T E M  ---------------

OS:
 Windows 10 , 64 bit Build 18362 (10.0.18362.329)
OS uptime: 0 days 9:52 hours

CPU: total 4 (initial active 4) (2 cores per cpu, 2 threads per core) family 6 model 69 stepping 1 microcode 0x25, cx8, cmov, fxsr, ht, mmx, sse, sse2, sse3, ssse3, sse4.1, sse4.2, popcnt, lzcnt, tsc, tscinvbit, avx, avx2, aes, erms, clmul, bmi1, bmi2, fma, vzeroupper, clflush, rdtscp

Memory: 4k page, system-wide physical 8097M (1496M free)
TotalPageFile size 26775M (AvailPageFile size 1M)
current process WorkingSet (physical memory assigned to process): 30M, peak: 30M
current process commit charge ("private bytes"): 197M, peak: 197M

vm_info: Java HotSpot(TM) 64-Bit Server VM (19.0.1+10-21) for windows-amd64 JRE (19.0.1+10-21), built on 2022-09-14T12:45:06Z by "mach5one" with MS VC++ 17.1 (VS2022)

END.
